<?xml version="1.0" encoding="UTF-8" ?>
<testsuite errors="0" failures="0" hostname="Pandora" name="com.iontorrent.rawdataaccess.pgmacquisition.PGMAcquisitionTest" tests="1" time="1.892" timestamp="2012-02-29T18:32:48">
  <properties>
[...]
</properties>
  <testcase classname="com.iontorrent.rawdataaccess.pgmacquisition.PGMAcquisitionTest" name="testReadFile_0args" time="1.823" />
  <system-out><![CDATA[Test: Testing file S:\data\314a\raw\acq_0000.dat
Test: readFile new 
=============== REGION FORMAT, READING FRAMES 0-59
Test: v3 corner: x=5, y=5:[4818, 4818, 4818, 4818, 4818, 4818, 4818, 4818, 4818, 4818, 4818, 4818, 4818, 4818, 4818, 4818, 4818, 4818, 4818, 4818, 4818, 4818, 4818, 4818, 4665, 4693, 4566, 4636, 4673, 4719, 4703, 4699, 4726, 4724, 4697, 4651, 4707, 4711, 4613, 4697, 4699, 4679, 4708, 4678, 4719, 4642, 4728, 4702, 4755, 4776, 4730, 4752, 4721, 4743, 4815, 4767, 4702, 4686, 4734]
Test: 
Test: v3 corner: x=5, y=6:[6134, 6134, 6134, 6134, 6134, 6134, 6134, 6134, 6134, 6134, 6134, 6134, 6134, 6134, 6134, 6134, 6134, 6134, 6134, 6134, 6134, 6134, 6134, 6134, 5987, 5993, 5997, 5925, 6068, 6082, 6010, 6012, 6023, 5973, 5954, 5982, 5980, 5969, 6018, 5986, 5936, 5950, 6112, 6070, 6098, 6118, 6093, 6162, 6101, 6147, 6114, 6103, 6089, 6070, 6046, 6029, 5981, 6020, 5954]
Test: 
Test: v3 corner: x=6, y=5:[4541, 4541, 4541, 4541, 4541, 4541, 4541, 4541, 4541, 4541, 4541, 4541, 4541, 4541, 4541, 4541, 4541, 4541, 4541, 4541, 4541, 4541, 4541, 4541, 4448, 4531, 4473, 4447, 4505, 4512, 4492, 4495, 4535, 4398, 4379, 4403, 4524, 4514, 4550, 4448, 4423, 4485, 4441, 4470, 4459, 4430, 4428, 4492, 4441, 4426, 4449, 4474, 4435, 4407, 4402, 4459, 4469, 4452, 4477]
Test: 
Test: v3 corner: x=6, y=6:[6080, 6080, 6080, 6080, 6080, 6080, 6080, 6080, 6080, 6080, 6080, 6080, 6080, 6080, 6080, 6080, 6080, 6080, 6080, 6080, 6080, 6080, 6080, 6080, 5957, 6079, 5998, 5988, 5958, 5964, 5985, 6055, 6008, 6063, 6038, 6022, 6004, 6084, 6024, 6049, 6019, 5967, 5990, 5966, 5959, 6024, 6020, 6026, 5975, 5902, 5994, 5943, 5987, 5939, 5898, 6013, 5981, 5902, 6007]
Test: 
]]></system-out>
  <system-err><![CDATA[]]></system-err>
</testsuite>
